# JRE version: Java(TM) SE Runtime Environment (8.0_181-b13) (build 1.8.0_181-b13)
# Java VM: Java HotSpot(TM) 64-Bit Server VM (25.181-b13 mixed mode windows-amd64 compressed oops)
Heap:
 garbage-first heap   total 455680K, used 104960K [0x00000000c0000000, 0x00000000c0100de8, 0x0000000100000000)
  region size 1024K, 20 young (20480K), 3 survivors (3072K)
 Metaspace       used 40613K, capacity 43054K, committed 43392K, reserved 1087488K
  class space    used 4418K, capacity 5178K, committed 5248K, reserved 1048576K
GC Heap History (10 events):
Event: 45.436 GC heap before
{Heap before GC invocations=47 (full 0):
 garbage-first heap   total 419840K, used 341750K [0x00000000c0000000, 0x00000000c0100cd0, 0x0000000100000000)
  region size 1024K, 224 young (229376K), 14 survivors (14336K)
 Metaspace       used 39758K, capacity 42058K, committed 42240K, reserved 1087488K
  class space    used 4324K, capacity 5025K, committed 5120K, reserved 1048576K
Event: 45.506 GC heap after
Heap after GC invocations=48 (full 0):
 garbage-first heap   total 419840K, used 151114K [0x00000000c0000000, 0x00000000c0100cd0, 0x0000000100000000)
  region size 1024K, 28 young (28672K), 28 survivors (28672K)
 Metaspace       used 39758K, capacity 42058K, committed 42240K, reserved 1087488K
  class space    used 4324K, capacity 5025K, committed 5120K, reserved 1048576K
}
Event: 11292.182 GC heap before
{Heap before GC invocations=48 (full 0):
 garbage-first heap   total 419840K, used 341578K [0x00000000c0000000, 0x00000000c0100cd0, 0x0000000100000000)
  region size 1024K, 214 young (219136K), 28 survivors (28672K)
 Metaspace       used 40341K, capacity 42798K, committed 43136K, reserved 1087488K
  class space    used 4380K, capacity 5134K, committed 5248K, reserved 1048576K
Event: 11293.300 GC heap after
Heap after GC invocations=49 (full 0):
 garbage-first heap   total 455680K, used 232192K [0x00000000c0000000, 0x00000000c0100de8, 0x0000000100000000)
  region size 1024K, 27 young (27648K), 27 survivors (27648K)
 Metaspace       used 40341K, capacity 42798K, committed 43136K, reserved 1087488K
  class space    used 4380K, capacity 5134K, committed 5248K, reserved 1048576K
}
Event: 11405.627 GC heap before
{Heap before GC invocations=49 (full 0):
 garbage-first heap   total 455680K, used 233216K [0x00000000c0000000, 0x00000000c0100de8, 0x0000000100000000)
  region size 1024K, 28 young (28672K), 27 survivors (27648K)
 Metaspace       used 40348K, capacity 42798K, committed 43136K, reserved 1087488K
  class space    used 4380K, capacity 5134K, committed 5248K, reserved 1048576K
Event: 11405.677 GC heap after
Heap after GC invocations=50 (full 0):
 garbage-first heap   total 455680K, used 207616K [0x00000000c0000000, 0x00000000c0100de8, 0x0000000100000000)
  region size 1024K, 3 young (3072K), 3 survivors (3072K)
 Metaspace       used 40348K, capacity 42798K, committed 43136K, reserved 1087488K
  class space    used 4380K, capacity 5134K, committed 5248K, reserved 1048576K
}
Event: 13701.755 GC heap before
{Heap before GC invocations=51 (full 0):
 garbage-first heap   total 455680K, used 86015K [0x00000000c0000000, 0x00000000c0100de8, 0x0000000100000000)
  region size 1024K, 22 young (22528K), 3 survivors (3072K)
 Metaspace       used 40320K, capacity 42714K, committed 43136K, reserved 1087488K
  class space    used 4366K, capacity 5106K, committed 5248K, reserved 1048576K
Event: 13701.930 GC heap after
Heap after GC invocations=52 (full 0):
 garbage-first heap   total 455680K, used 80384K [0x00000000c0000000, 0x00000000c0100de8, 0x0000000100000000)
  region size 1024K, 3 young (3072K), 3 survivors (3072K)
 Metaspace       used 40320K, capacity 42714K, committed 43136K, reserved 1087488K
  class space    used 4366K, capacity 5106K, committed 5248K, reserved 1048576K
}
Event: 16090.911 GC heap before
{Heap before GC invocations=52 (full 0):
 garbage-first heap   total 455680K, used 99840K [0x00000000c0000000, 0x00000000c0100de8, 0x0000000100000000)
  region size 1024K, 22 young (22528K), 3 survivors (3072K)
 Metaspace       used 40345K, capacity 42714K, committed 43136K, reserved 1087488K
  class space    used 4366K, capacity 5106K, committed 5248K, reserved 1048576K
Event: 16091.081 GC heap after
Heap after GC invocations=53 (full 0):
 garbage-first heap   total 455680K, used 88576K [0x00000000c0000000, 0x00000000c0100de8, 0x0000000100000000)
  region size 1024K, 3 young (3072K), 3 survivors (3072K)
 Metaspace       used 40345K, capacity 42714K, committed 43136K, reserved 1087488K
  class space    used 4366K, capacity 5106K, committed 5248K, reserved 1048576K
}

